app/build/intermediates/manifest_merge_blame_file/debug/manifest-merger-blame-debug-report.txt
1<?xml version="1.0" encoding="utf-8"?>
2<manifest xmlns:android="http://schemas.android.com/apk/res/android"
3    package="com.parkiezmobility.parkiez"
4    android:versionCode="6"
5    android:versionName="3.2.1" >
6
7    <uses-sdk
8        android:minSdkVersion="19"
8-->src\main\AndroidManifest.xml
9        android:targetSdkVersion="30" />
9-->src\main\AndroidManifest.xml
10
11    <uses-feature
11-->src\main\AndroidManifest.xml:111:5-113:35
12        android:name="android.hardware.location"
12-->src\main\AndroidManifest.xml:112:9-49
13        android:required="true" />
13-->src\main\AndroidManifest.xml:113:9-32
14    <uses-feature
14-->src\main\AndroidManifest.xml:114:5-116:36
15        android:name="android.hardware.location.gps"
15-->src\main\AndroidManifest.xml:115:9-53
16        android:required="false" />
16-->src\main\AndroidManifest.xml:116:9-33
17
18    <uses-permission android:name="android.permission.ACCESS_FINE_LOCATION" />
18-->src\main\AndroidManifest.xml:118:5-79
18-->src\main\AndroidManifest.xml:118:22-76
19    <uses-permission android:name="android.permission.ACCESS_COARSE_LOCATION" />
19-->src\main\AndroidManifest.xml:119:5-81
19-->src\main\AndroidManifest.xml:119:22-78
20    <uses-permission android:name="android.permission.INTERNET" />
20-->src\main\AndroidManifest.xml:120:5-67
20-->src\main\AndroidManifest.xml:120:22-64
21    <uses-permission android:name="android.permission.ACCESS_WIFI_STATE" />
21-->src\main\AndroidManifest.xml:121:5-76
21-->src\main\AndroidManifest.xml:121:22-73
22    <uses-permission android:name="android.permission.ACCESS_NETWORK_STATE" />
22-->src\main\AndroidManifest.xml:123:5-79
22-->src\main\AndroidManifest.xml:123:22-76
23    <uses-permission android:name="android.permission.VIBRATE" />
23-->src\main\AndroidManifest.xml:124:5-66
23-->src\main\AndroidManifest.xml:124:22-63
24    <uses-permission android:name="android.permission.CALL_PHONE" />
24-->src\main\AndroidManifest.xml:126:5-69
24-->src\main\AndroidManifest.xml:126:22-66
25
26    <uses-feature
26-->[com.google.android.gms:play-services-maps:17.0.0] AndroidManifest.xml:26:5-28:35
27        android:glEsVersion="0x00020000"
27-->[com.google.android.gms:play-services-maps:17.0.0] AndroidManifest.xml:27:9-41
28        android:required="true" />
28-->[com.google.android.gms:play-services-maps:17.0.0] AndroidManifest.xml:28:9-32
29
30    <application
30-->src\main\AndroidManifest.xml:6:5-110:19
31        android:name="androidx.multidex.MultiDexApplication"
31-->src\main\AndroidManifest.xml:15:9-61
32        android:allowBackup="true"
32-->src\main\AndroidManifest.xml:16:9-35
33        android:appComponentFactory="androidx.core.app.CoreComponentFactory"
33-->[androidx.core:core:1.5.0] AndroidManifest.xml:24:18-86
34        android:configChanges="orientation|keyboardHidden|screenSize"
34-->src\main\AndroidManifest.xml:17:9-70
35        android:debuggable="true"
35-->src\main\AndroidManifest.xml:14:9-34
36        android:icon="@mipmap/ic_icon"
36-->src\main\AndroidManifest.xml:18:9-39
37        android:label="@string/app_name"
37-->src\main\AndroidManifest.xml:19:9-41
38        android:networkSecurityConfig="@xml/network_security_config"
38-->src\main\AndroidManifest.xml:20:9-69
39        android:screenOrientation="portrait"
39-->src\main\AndroidManifest.xml:21:9-45
40        android:supportsRtl="true"
40-->src\main\AndroidManifest.xml:22:9-35
41        android:testOnly="true"
42        android:theme="@style/AppTheme"
42-->src\main\AndroidManifest.xml:23:9-40
43        android:usesCleartextTraffic="true" >
43-->src\main\AndroidManifest.xml:9:5-40
44        <activity android:name="com.parkiezmobility.parkiez.Activities.BaseActivity" />
44-->src\main\AndroidManifest.xml:25:9-70
44-->src\main\AndroidManifest.xml:25:19-58
45        <activity
45-->src\main\AndroidManifest.xml:26:9-38:20
46            android:name="com.parkiezmobility.parkiez.MainActivity"
46-->src\main\AndroidManifest.xml:27:13-41
47            android:screenOrientation="portrait"
47-->src\main\AndroidManifest.xml:28:13-49
48            android:theme="@style/AppTheme.NoActionBar"
48-->src\main\AndroidManifest.xml:29:13-56
49            android:windowSoftInputMode="stateHidden" >
49-->src\main\AndroidManifest.xml:30:13-54
50
51            <!-- <intent-filter> -->
52            <!-- <action android:name="android.intent.action.MAIN" /> -->
53
54
55            <!-- <category android:name="android.intent.category.LAUNCHER" /> -->
56            <!-- </intent-filter> -->
57        </activity>
58        <!--
59             The API key for Google Maps-based APIs is defined as a string resource.
60             (See the file "res/values/google_maps_api.xml").
61             Note that the API key is linked to the encryption key used to sign the APK.
62             You need a different API key for each encryption key, including the release key that is used to
63             sign the APK for publishing.
64             You can define the keys for the debug and release targets in src/debug/ and src/release/.
65        -->
66        <activity
66-->src\main\AndroidManifest.xml:47:9-53:76
67            android:name="com.parkiezmobility.parkiez.Activities.Login"
67-->src\main\AndroidManifest.xml:48:13-45
68            android:label="@string/title_activity_login"
68-->src\main\AndroidManifest.xml:49:13-57
69            android:noHistory="true"
69-->src\main\AndroidManifest.xml:50:13-37
70            android:screenOrientation="portrait"
70-->src\main\AndroidManifest.xml:51:13-49
71            android:theme="@style/AppTheme.NoActionBar"
71-->src\main\AndroidManifest.xml:52:13-56
72            android:windowSoftInputMode="adjustResize|stateAlwaysHidden" />
72-->src\main\AndroidManifest.xml:53:13-73
73        <activity
73-->src\main\AndroidManifest.xml:55:9-61:57
74            android:name="com.parkiezmobility.parkiez.Activities.Registration"
74-->src\main\AndroidManifest.xml:56:13-52
75            android:label="@string/title_activity_registration"
75-->src\main\AndroidManifest.xml:57:13-64
76            android:noHistory="true"
76-->src\main\AndroidManifest.xml:58:13-37
77            android:screenOrientation="portrait"
77-->src\main\AndroidManifest.xml:59:13-49
78            android:theme="@style/AppTheme.NoActionBar"
78-->src\main\AndroidManifest.xml:60:13-56
79            android:windowSoftInputMode="stateHidden" />
79-->src\main\AndroidManifest.xml:61:13-54
80        <activity
80-->src\main\AndroidManifest.xml:62:9-68:57
81            android:name="com.parkiezmobility.parkiez.Activities.PaymentSelection"
81-->src\main\AndroidManifest.xml:63:13-56
82            android:label="@string/title_activity_payment_selection"
82-->src\main\AndroidManifest.xml:64:13-69
83            android:noHistory="true"
83-->src\main\AndroidManifest.xml:65:13-37
84            android:screenOrientation="portrait"
84-->src\main\AndroidManifest.xml:66:13-49
85            android:theme="@style/AppTheme.NoActionBar"
85-->src\main\AndroidManifest.xml:67:13-56
86            android:windowSoftInputMode="stateHidden" />
86-->src\main\AndroidManifest.xml:68:13-54
87        <activity
87-->src\main\AndroidManifest.xml:69:9-75:57
88            android:name="com.parkiezmobility.parkiez.Activities.CCAvenueGateway"
88-->src\main\AndroidManifest.xml:70:13-55
89            android:label="@string/title_activity_ccavenue_gateway"
89-->src\main\AndroidManifest.xml:71:13-68
90            android:noHistory="true"
90-->src\main\AndroidManifest.xml:72:13-37
91            android:screenOrientation="portrait"
91-->src\main\AndroidManifest.xml:73:13-49
92            android:theme="@style/AppTheme.NoActionBar"
92-->src\main\AndroidManifest.xml:74:13-56
93            android:windowSoftInputMode="stateHidden" />
93-->src\main\AndroidManifest.xml:75:13-54
94        <activity
94-->src\main\AndroidManifest.xml:76:9-82:57
95            android:name="com.parkiezmobility.parkiez.Activities.PaymentComplete"
95-->src\main\AndroidManifest.xml:77:13-55
96            android:label="@string/title_activity_payment_complete"
96-->src\main\AndroidManifest.xml:78:13-68
97            android:noHistory="true"
97-->src\main\AndroidManifest.xml:79:13-37
98            android:screenOrientation="portrait"
98-->src\main\AndroidManifest.xml:80:13-49
99            android:theme="@style/AppTheme.NoActionBar"
99-->src\main\AndroidManifest.xml:81:13-56
100            android:windowSoftInputMode="stateHidden" />
100-->src\main\AndroidManifest.xml:82:13-54
101        <activity
101-->src\main\AndroidManifest.xml:83:9-92:20
102            android:name="com.parkiezmobility.parkiez.Activities.SplashActivity"
102-->src\main\AndroidManifest.xml:84:13-54
103            android:screenOrientation="portrait"
103-->src\main\AndroidManifest.xml:85:13-49
104            android:theme="@style/AppTheme.NoActionBar" >
104-->src\main\AndroidManifest.xml:86:13-56
105            <intent-filter>
105-->src\main\AndroidManifest.xml:87:13-91:29
106                <action android:name="android.intent.action.MAIN" />
106-->src\main\AndroidManifest.xml:88:17-69
106-->src\main\AndroidManifest.xml:88:25-66
107
108                <category android:name="android.intent.category.LAUNCHER" />
108-->src\main\AndroidManifest.xml:90:17-77
108-->src\main\AndroidManifest.xml:90:27-74
109            </intent-filter>
110        </activity>
111        <activity
111-->src\main\AndroidManifest.xml:94:9-98:57
112            android:name="com.parkiezmobility.parkiez.Activities.OTPVerification"
112-->src\main\AndroidManifest.xml:95:13-55
113            android:screenOrientation="portrait"
113-->src\main\AndroidManifest.xml:96:13-49
114            android:theme="@style/AppTheme.NoActionBar"
114-->src\main\AndroidManifest.xml:97:13-56
115            android:windowSoftInputMode="stateHidden" />
115-->src\main\AndroidManifest.xml:98:13-54
116
117        <meta-data
117-->src\main\AndroidManifest.xml:100:9-102:55
118            android:name="com.google.android.geo.API_KEY"
118-->src\main\AndroidManifest.xml:101:13-58
119            android:value="@string/google_maps_key" />
119-->src\main\AndroidManifest.xml:102:13-52
120        <meta-data
120-->src\main\AndroidManifest.xml:103:9-105:69
121            android:name="com.google.android.gms.version"
121-->src\main\AndroidManifest.xml:104:13-58
122            android:value="@integer/google_play_services_version" />
122-->src\main\AndroidManifest.xml:105:13-66
123
124        <uses-library
124-->src\main\AndroidManifest.xml:107:9-109:40
125            android:name="org.apache.http.legacy"
125-->src\main\AndroidManifest.xml:108:13-50
126            android:required="false" />
126-->src\main\AndroidManifest.xml:109:13-37
127
128        <activity
128-->[com.google.android.libraries.places:places:2.5.0] AndroidManifest.xml:14:9-20:20
129            android:name="com.google.android.libraries.places.widget.AutocompleteActivity"
129-->[com.google.android.libraries.places:places:2.5.0] AndroidManifest.xml:15:13-91
130            android:exported="false"
130-->[com.google.android.libraries.places:places:2.5.0] AndroidManifest.xml:16:13-37
131            android:label="@string/places_autocomplete_label"
131-->[com.google.android.libraries.places:places:2.5.0] AndroidManifest.xml:17:13-62
132            android:theme="@style/PlacesAutocompleteOverlay"
132-->[com.google.android.libraries.places:places:2.5.0] AndroidManifest.xml:18:13-61
133            android:windowSoftInputMode="adjustResize" >
133-->[com.google.android.libraries.places:places:2.5.0] AndroidManifest.xml:19:13-55
134        </activity>
135
136        <receiver android:name="com.razorpay.RzpTokenReceiver" >
136-->[com.razorpay:checkout:1.6.8] AndroidManifest.xml:12:9-16:20
136-->[com.razorpay:checkout:1.6.8] AndroidManifest.xml:12:19-63
137            <intent-filter>
137-->[com.razorpay:checkout:1.6.8] AndroidManifest.xml:13:13-15:29
138                <action android:name="rzp.device_token.share" />
138-->[com.razorpay:checkout:1.6.8] AndroidManifest.xml:14:17-65
138-->[com.razorpay:checkout:1.6.8] AndroidManifest.xml:14:25-62
139            </intent-filter>
140        </receiver>
141
142        <activity
142-->[com.razorpay:checkout:1.6.8] AndroidManifest.xml:18:9-29:20
143            android:name="com.razorpay.CheckoutActivity"
143-->[com.razorpay:checkout:1.6.8] AndroidManifest.xml:19:13-57
144            android:configChanges="keyboard|keyboardHidden|orientation|screenSize"
144-->[com.razorpay:checkout:1.6.8] AndroidManifest.xml:20:13-83
145            android:theme="@style/CheckoutTheme" >
145-->[com.razorpay:checkout:1.6.8] AndroidManifest.xml:21:13-49
146            <intent-filter>
146-->[com.razorpay:checkout:1.6.8] AndroidManifest.xml:22:13-28:29
147                <action android:name="android.intent.action.MAIN" />
147-->src\main\AndroidManifest.xml:88:17-69
147-->src\main\AndroidManifest.xml:88:25-66
148
149                <data
149-->[com.razorpay:checkout:1.6.8] AndroidManifest.xml:25:17-27:47
150                    android:host="rzp.io"
150-->[com.razorpay:checkout:1.6.8] AndroidManifest.xml:26:21-42
151                    android:scheme="io.rzp" />
151-->[com.razorpay:checkout:1.6.8] AndroidManifest.xml:27:21-44
152            </intent-filter>
153        </activity>
154        <activity
154-->[com.google.android.gms:play-services-auth:17.0.0] AndroidManifest.xml:23:9-27:75
155            android:name="com.google.android.gms.auth.api.signin.internal.SignInHubActivity"
155-->[com.google.android.gms:play-services-auth:17.0.0] AndroidManifest.xml:24:13-93
156            android:excludeFromRecents="true"
156-->[com.google.android.gms:play-services-auth:17.0.0] AndroidManifest.xml:25:13-46
157            android:exported="false"
157-->[com.google.android.gms:play-services-auth:17.0.0] AndroidManifest.xml:26:13-37
158            android:theme="@android:style/Theme.Translucent.NoTitleBar" />
158-->[com.google.android.gms:play-services-auth:17.0.0] AndroidManifest.xml:27:13-72
159        <!--
160            Service handling Google Sign-In user revocation. For apps that do not integrate with
161            Google Sign-In, this service will never be started.
162        -->
163        <service
163-->[com.google.android.gms:play-services-auth:17.0.0] AndroidManifest.xml:33:9-36:110
164            android:name="com.google.android.gms.auth.api.signin.RevocationBoundService"
164-->[com.google.android.gms:play-services-auth:17.0.0] AndroidManifest.xml:34:13-89
165            android:exported="true"
165-->[com.google.android.gms:play-services-auth:17.0.0] AndroidManifest.xml:35:13-36
166            android:permission="com.google.android.gms.auth.api.signin.permission.REVOCATION_NOTIFICATION" />
166-->[com.google.android.gms:play-services-auth:17.0.0] AndroidManifest.xml:36:13-107
167
168        <activity
168-->[com.google.android.gms:play-services-base:17.2.1] AndroidManifest.xml:23:9-26:75
169            android:name="com.google.android.gms.common.api.GoogleApiActivity"
169-->[com.google.android.gms:play-services-base:17.2.1] AndroidManifest.xml:24:13-79
170            android:exported="false"
170-->[com.google.android.gms:play-services-base:17.2.1] AndroidManifest.xml:25:13-37
171            android:theme="@android:style/Theme.Translucent.NoTitleBar" />
171-->[com.google.android.gms:play-services-base:17.2.1] AndroidManifest.xml:26:13-72
172
173        <service
173-->[com.google.android.datatransport:transport-backend-cct:2.3.0] AndroidManifest.xml:29:9-35:19
174            android:name="com.google.android.datatransport.runtime.backends.TransportBackendDiscovery"
174-->[com.google.android.datatransport:transport-backend-cct:2.3.0] AndroidManifest.xml:30:13-103
175            android:exported="false" >
175-->[com.google.android.datatransport:transport-backend-cct:2.3.0] AndroidManifest.xml:31:13-37
176            <meta-data
176-->[com.google.android.datatransport:transport-backend-cct:2.3.0] AndroidManifest.xml:32:13-34:39
177                android:name="backend:com.google.android.datatransport.cct.CctBackendFactory"
177-->[com.google.android.datatransport:transport-backend-cct:2.3.0] AndroidManifest.xml:33:17-94
178                android:value="cct" />
178-->[com.google.android.datatransport:transport-backend-cct:2.3.0] AndroidManifest.xml:34:17-36
179        </service>
180        <service
180-->[com.google.android.datatransport:transport-runtime:2.2.3] AndroidManifest.xml:26:9-30:19
181            android:name="com.google.android.datatransport.runtime.scheduling.jobscheduling.JobInfoSchedulerService"
181-->[com.google.android.datatransport:transport-runtime:2.2.3] AndroidManifest.xml:27:13-117
182            android:exported="false"
182-->[com.google.android.datatransport:transport-runtime:2.2.3] AndroidManifest.xml:28:13-37
183            android:permission="android.permission.BIND_JOB_SERVICE" >
183-->[com.google.android.datatransport:transport-runtime:2.2.3] AndroidManifest.xml:29:13-69
184        </service>
185
186        <receiver
186-->[com.google.android.datatransport:transport-runtime:2.2.3] AndroidManifest.xml:32:9-34:40
187            android:name="com.google.android.datatransport.runtime.scheduling.jobscheduling.AlarmManagerSchedulerBroadcastReceiver"
187-->[com.google.android.datatransport:transport-runtime:2.2.3] AndroidManifest.xml:33:13-132
188            android:exported="false" />
188-->[com.google.android.datatransport:transport-runtime:2.2.3] AndroidManifest.xml:34:13-37
189    </application>
190
191</manifest>